<?xml version="1.0" encoding="UTF-8"?>
<!-- Generated by org.testng.reporters.JUnitReportReporter -->
<testsuite hostname="BDC6-DX-6GVCNK2" name="Pageobj.NewTest" tests="1" failures="0" timestamp="20 Nov 2019 06:48:19 GMT" time="16.358" errors="0">
  <testcase name="abcd" time="16.358" classname="Pageobj.NewTest"/>
</testsuite> <!-- Pageobj.NewTest -->
